Arguments: 
  C:\Users\srmwa\scoop\apps\nvm\current\nodejs\nodejs\node.exe C:\Users\srmwa\scoop\apps\nvm\current\nodejs\nodejs\node_modules\yarn\bin\yarn.js init --y

PATH: 
  C:\Program Files (x86)\Common Files\Oracle\Java\javapath;C:\Windows\system32;C:\Windows;C:\Windows\System32\Wbem;C:\Windows\System32\WindowsPowerShell\v1.0\;C:\Windows\System32\OpenSSH\;C:\Program Files (x86)\NVIDIA Corporation\PhysX\Common;C:\Program Files\NVIDIA Corporation\NVIDIA NvDLISR;C:\Users\srmwa\Desktop\ADB\platform-tools-windows;C:\Users\srmwa\scoop\apps\nvm\current\nodejs\nodejs;C:\Users\srmwa\scoop\shims;C:\Users\srmwa\AppData\Local\Microsoft\WindowsApps;C:\Users\srmwa\AppData\Local\GitHubDesktop\bin;C:\Users\srmwa\AppData\Local\Programs\Microsoft VS Code\bin

Yarn version: 
  1.22.10

Node version: 
  14.9.0

Platform: 
  win32 x64

Trace: 
  Error: canceled
      at Interface.<anonymous> (C:\Users\srmwa\scoop\persist\nvm\nodejs\v14.9.0\node_modules\yarn\lib\cli.js:136216:13)
      at Interface.emit (events.js:314:20)
      at Interface._ttyWrite (readline.js:875:16)
      at ReadStream.onkeypress (readline.js:213:10)
      at ReadStream.emit (events.js:314:20)
      at emitKeys (internal/readline/utils.js:335:14)
      at emitKeys.next (<anonymous>)
      at ReadStream.onData (readline.js:1144:36)
      at ReadStream.emit (events.js:314:20)
      at addChunk (_stream_readable.js:303:12)

npm manifest: 
  No manifest

yarn manifest: 
  No manifest

Lockfile: 
  No lockfile
